<?xml version="1.0" encoding="UTF-8"?>
<!-- Generated by org.testng.reporters.JUnitReportReporter -->
<testsuite hostname="Deepaks-MacBook-Pro-3.local" name="HomePageTest" tests="1" failures="0" timestamp="20 Aug 2016 18:14:01 GMT" time="18.807" errors="0">
  <testcase name="addToCartFromProductPage" time="18.807" classname="HomePageTest"/>
</testsuite> <!-- HomePageTest -->
