<?xml version="1.0" encoding="UTF-8"?>
<!-- Generated by org.testng.reporters.JUnitReportReporter -->
<testsuite hostname="Deepaks-MacBook-Pro-3.local" name="HomePageTest" tests="1" failures="0" timestamp="2 Sep 2016 04:05:09 GMT" time="20.061" errors="0">
  <testcase name="addToCartFromProductPage" time="20.061" classname="HomePageTest"/>
</testsuite> <!-- HomePageTest -->
